{"/Users/yuvaranei/Documents/coding/react_coding_challenges/cart/src/App.jsx": {"path":"/Users/yuvaranei/Documents/coding/react_coding_challenges/cart/src/App.jsx","statementMap":{"0":{"start":{"line":7,"column":22},"end":{"line":7,"column":68}},"1":{"start":{"line":7,"column":45},"end":{"line":7,"column":67}},"2":{"start":{"line":9,"column":19},"end":{"line":9,"column":32}},"3":{"start":{"line":11,"column":19},"end":{"line":11,"column":44}},"4":{"start":{"line":13,"column":20},"end":{"line":15,"column":3}},"5":{"start":{"line":14,"column":4},"end":{"line":14,"column":52}},"6":{"start":{"line":17,"column":2},"end":{"line":24,"column":3}},"7":{"start":{"line":20,"column":28},"end":{"line":20,"column":131}},"8":{"start":{"line":20,"column":82},"end":{"line":20,"column":103}}},"fnMap":{"0":{"name":"App","decl":{"start":{"line":6,"column":9},"end":{"line":6,"column":12}},"loc":{"start":{"line":6,"column":15},"end":{"line":25,"column":1}},"line":6},"1":{"name":"(anonymous_1)","decl":{"start":{"line":7,"column":34},"end":{"line":7,"column":35}},"loc":{"start":{"line":7,"column":45},"end":{"line":7,"column":67}},"line":7},"2":{"name":"(anonymous_2)","decl":{"start":{"line":13,"column":20},"end":{"line":13,"column":21}},"loc":{"start":{"line":13,"column":45},"end":{"line":15,"column":3}},"line":13},"3":{"name":"(anonymous_3)","decl":{"start":{"line":20,"column":20},"end":{"line":20,"column":21}},"loc":{"start":{"line":20,"column":28},"end":{"line":20,"column":131}},"line":20},"4":{"name":"(anonymous_4)","decl":{"start":{"line":20,"column":76},"end":{"line":20,"column":77}},"loc":{"start":{"line":20,"column":82},"end":{"line":20,"column":103}},"line":20}},"branchMap":{},"s":{"0":2,"1":5,"2":2,"3":2,"4":2,"5":1,"6":2,"7":6,"8":1},"f":{"0":2,"1":5,"2":1,"3":6,"4":1},"b":{},"_coverageSchema":"1a1c01bbd47fc00a2c39e90264f33305004495a9","hash":"cac85c4c68742d222af001d996fceaea6bdae062"}
,"/Users/yuvaranei/Documents/coding/react_coding_challenges/cart/src/cart.jsx": {"path":"/Users/yuvaranei/Documents/coding/react_coding_challenges/cart/src/cart.jsx","statementMap":{"0":{"start":{"line":6,"column":4},"end":{"line":6,"column":41}},"1":{"start":{"line":7,"column":47},"end":{"line":7,"column":81}},"2":{"start":{"line":7,"column":70},"end":{"line":7,"column":80}},"3":{"start":{"line":8,"column":21},"end":{"line":8,"column":34}},"4":{"start":{"line":12,"column":33},"end":{"line":12,"column":45}},"5":{"start":{"line":14,"column":21},"end":{"line":14,"column":92}},"6":{"start":{"line":14,"column":42},"end":{"line":14,"column":55}},"7":{"start":{"line":14,"column":80},"end":{"line":14,"column":89}},"8":{"start":{"line":15,"column":4},"end":{"line":37,"column":5}},"9":{"start":{"line":20,"column":20},"end":{"line":28,"column":21}},"10":{"start":{"line":23,"column":51},"end":{"line":23,"column":106}},"11":{"start":{"line":25,"column":51},"end":{"line":25,"column":106}},"12":{"start":{"line":26,"column":51},"end":{"line":26,"column":108}},"13":{"start":{"line":33,"column":79},"end":{"line":33,"column":103}},"14":{"start":{"line":34,"column":35},"end":{"line":34,"column":68}}},"fnMap":{"0":{"name":"Cart","decl":{"start":{"line":5,"column":24},"end":{"line":5,"column":28}},"loc":{"start":{"line":5,"column":32},"end":{"line":38,"column":1}},"line":5},"1":{"name":"(anonymous_1)","decl":{"start":{"line":7,"column":59},"end":{"line":7,"column":60}},"loc":{"start":{"line":7,"column":70},"end":{"line":7,"column":80}},"line":7},"2":{"name":"(anonymous_2)","decl":{"start":{"line":14,"column":34},"end":{"line":14,"column":35}},"loc":{"start":{"line":14,"column":42},"end":{"line":14,"column":55}},"line":14},"3":{"name":"(anonymous_3)","decl":{"start":{"line":14,"column":64},"end":{"line":14,"column":65}},"loc":{"start":{"line":14,"column":80},"end":{"line":14,"column":89}},"line":14},"4":{"name":"(anonymous_4)","decl":{"start":{"line":19,"column":29},"end":{"line":19,"column":30}},"loc":{"start":{"line":19,"column":37},"end":{"line":29,"column":17}},"line":19},"5":{"name":"(anonymous_5)","decl":{"start":{"line":23,"column":45},"end":{"line":23,"column":46}},"loc":{"start":{"line":23,"column":51},"end":{"line":23,"column":106}},"line":23},"6":{"name":"(anonymous_6)","decl":{"start":{"line":25,"column":45},"end":{"line":25,"column":46}},"loc":{"start":{"line":25,"column":51},"end":{"line":25,"column":106}},"line":25},"7":{"name":"(anonymous_7)","decl":{"start":{"line":26,"column":45},"end":{"line":26,"column":46}},"loc":{"start":{"line":26,"column":51},"end":{"line":26,"column":108}},"line":26},"8":{"name":"(anonymous_8)","decl":{"start":{"line":33,"column":72},"end":{"line":33,"column":73}},"loc":{"start":{"line":33,"column":79},"end":{"line":33,"column":103}},"line":33},"9":{"name":"(anonymous_9)","decl":{"start":{"line":34,"column":29},"end":{"line":34,"column":30}},"loc":{"start":{"line":34,"column":35},"end":{"line":34,"column":68}},"line":34}},"branchMap":{"0":{"loc":{"start":{"line":17,"column":22},"end":{"line":17,"column":35}},"type":"binary-expr","locations":[{"start":{"line":17,"column":22},"end":{"line":17,"column":30}},{"start":{"line":17,"column":34},"end":{"line":17,"column":35}}],"line":17},"1":{"loc":{"start":{"line":35,"column":31},"end":{"line":35,"column":55}},"type":"binary-expr","locations":[{"start":{"line":35,"column":31},"end":{"line":35,"column":41}},{"start":{"line":35,"column":45},"end":{"line":35,"column":55}}],"line":35}},"s":{"0":18,"1":18,"2":35,"3":18,"4":18,"5":18,"6":14,"7":14,"8":18,"9":14,"10":1,"11":1,"12":1,"13":1,"14":1},"f":{"0":18,"1":35,"2":14,"3":14,"4":14,"5":1,"6":1,"7":1,"8":1,"9":1},"b":{"0":[18,4],"1":[18,14]},"_coverageSchema":"1a1c01bbd47fc00a2c39e90264f33305004495a9","hash":"541dedfcc19cbc6830eb334a34db952855282439"}
,"/Users/yuvaranei/Documents/coding/react_coding_challenges/cart/src/reducers/cart.reducer.js": {"path":"/Users/yuvaranei/Documents/coding/react_coding_challenges/cart/src/reducers/cart.reducer.js","statementMap":{"0":{"start":{"line":3,"column":27},"end":{"line":3,"column":36}},"1":{"start":{"line":5,"column":0},"end":{"line":9,"column":3}},"2":{"start":{"line":11,"column":0},"end":{"line":15,"column":3}},"3":{"start":{"line":17,"column":0},"end":{"line":21,"column":3}},"4":{"start":{"line":24,"column":21},"end":{"line":28,"column":1}},"5":{"start":{"line":30,"column":28},"end":{"line":37,"column":1}},"6":{"start":{"line":31,"column":16},"end":{"line":31,"column":17}},"7":{"start":{"line":32,"column":4},"end":{"line":35,"column":6}},"8":{"start":{"line":33,"column":24},"end":{"line":33,"column":55}},"9":{"start":{"line":34,"column":8},"end":{"line":34,"column":47}},"10":{"start":{"line":36,"column":3},"end":{"line":36,"column":16}},"11":{"start":{"line":39,"column":18},"end":{"line":86,"column":2}},"12":{"start":{"line":50,"column":42},"end":{"line":50,"column":56}},"13":{"start":{"line":51,"column":28},"end":{"line":51,"column":54}},"14":{"start":{"line":52,"column":33},"end":{"line":52,"column":89}},"15":{"start":{"line":52,"column":61},"end":{"line":52,"column":88}},"16":{"start":{"line":53,"column":11},"end":{"line":57,"column":12}},"17":{"start":{"line":54,"column":12},"end":{"line":54,"column":47}},"18":{"start":{"line":56,"column":12},"end":{"line":56,"column":54}},"19":{"start":{"line":58,"column":11},"end":{"line":58,"column":57}},"20":{"start":{"line":61,"column":32},"end":{"line":61,"column":46}},"21":{"start":{"line":62,"column":39},"end":{"line":62,"column":100}},"22":{"start":{"line":62,"column":72},"end":{"line":62,"column":99}},"23":{"start":{"line":63,"column":12},"end":{"line":63,"column":57}},"24":{"start":{"line":65,"column":12},"end":{"line":65,"column":58}},"25":{"start":{"line":68,"column":32},"end":{"line":68,"column":46}},"26":{"start":{"line":69,"column":34},"end":{"line":69,"column":90}},"27":{"start":{"line":69,"column":62},"end":{"line":69,"column":89}},"28":{"start":{"line":70,"column":12},"end":{"line":70,"column":37}},"29":{"start":{"line":71,"column":12},"end":{"line":71,"column":58}},"30":{"start":{"line":74,"column":32},"end":{"line":74,"column":46}},"31":{"start":{"line":75,"column":34},"end":{"line":75,"column":90}},"32":{"start":{"line":75,"column":62},"end":{"line":75,"column":89}},"33":{"start":{"line":76,"column":12},"end":{"line":79,"column":13}},"34":{"start":{"line":77,"column":16},"end":{"line":77,"column":41}},"35":{"start":{"line":78,"column":16},"end":{"line":78,"column":62}},"36":{"start":{"line":82,"column":12},"end":{"line":82,"column":58}},"37":{"start":{"line":83,"column":12},"end":{"line":83,"column":99}},"38":{"start":{"line":88,"column":102},"end":{"line":88,"column":119}}},"fnMap":{"0":{"name":"(anonymous_0)","decl":{"start":{"line":30,"column":28},"end":{"line":30,"column":29}},"loc":{"start":{"line":30,"column":39},"end":{"line":37,"column":1}},"line":30},"1":{"name":"(anonymous_1)","decl":{"start":{"line":32,"column":23},"end":{"line":32,"column":24}},"loc":{"start":{"line":32,"column":31},"end":{"line":35,"column":5}},"line":32},"2":{"name":"(anonymous_2)","decl":{"start":{"line":48,"column":23},"end":{"line":48,"column":24}},"loc":{"start":{"line":48,"column":42},"end":{"line":59,"column":9}},"line":48},"3":{"name":"(anonymous_3)","decl":{"start":{"line":52,"column":53},"end":{"line":52,"column":54}},"loc":{"start":{"line":52,"column":61},"end":{"line":52,"column":88}},"line":52},"4":{"name":"(anonymous_4)","decl":{"start":{"line":60,"column":28},"end":{"line":60,"column":29}},"loc":{"start":{"line":60,"column":47},"end":{"line":66,"column":9}},"line":60},"5":{"name":"(anonymous_5)","decl":{"start":{"line":62,"column":64},"end":{"line":62,"column":65}},"loc":{"start":{"line":62,"column":72},"end":{"line":62,"column":99}},"line":62},"6":{"name":"(anonymous_6)","decl":{"start":{"line":67,"column":26},"end":{"line":67,"column":27}},"loc":{"start":{"line":67,"column":45},"end":{"line":72,"column":9}},"line":67},"7":{"name":"(anonymous_7)","decl":{"start":{"line":69,"column":54},"end":{"line":69,"column":55}},"loc":{"start":{"line":69,"column":62},"end":{"line":69,"column":89}},"line":69},"8":{"name":"(anonymous_8)","decl":{"start":{"line":73,"column":26},"end":{"line":73,"column":27}},"loc":{"start":{"line":73,"column":45},"end":{"line":80,"column":9}},"line":73},"9":{"name":"(anonymous_9)","decl":{"start":{"line":75,"column":54},"end":{"line":75,"column":55}},"loc":{"start":{"line":75,"column":62},"end":{"line":75,"column":89}},"line":75},"10":{"name":"(anonymous_10)","decl":{"start":{"line":81,"column":23},"end":{"line":81,"column":24}},"loc":{"start":{"line":81,"column":42},"end":{"line":84,"column":9}},"line":81}},"branchMap":{"0":{"loc":{"start":{"line":53,"column":11},"end":{"line":57,"column":12}},"type":"if","locations":[{"start":{"line":53,"column":11},"end":{"line":57,"column":12}},{"start":{"line":55,"column":18},"end":{"line":57,"column":12}}],"line":53},"1":{"loc":{"start":{"line":76,"column":12},"end":{"line":79,"column":13}},"type":"if","locations":[{"start":{"line":76,"column":12},"end":{"line":79,"column":13}},{"start":{},"end":{}}],"line":76}},"s":{"0":2,"1":2,"2":2,"3":2,"4":2,"5":2,"6":9,"7":9,"8":8,"9":8,"10":9,"11":2,"12":6,"13":6,"14":6,"15":4,"16":6,"17":4,"18":2,"19":6,"20":1,"21":1,"22":1,"23":1,"24":1,"25":1,"26":1,"27":1,"28":1,"29":1,"30":1,"31":1,"32":1,"33":1,"34":1,"35":1,"36":1,"37":1,"38":2},"f":{"0":9,"1":8,"2":6,"3":4,"4":1,"5":1,"6":1,"7":1,"8":1,"9":1,"10":1},"b":{"0":[4,2],"1":[1,0]},"_coverageSchema":"1a1c01bbd47fc00a2c39e90264f33305004495a9","hash":"d3237e685e12be9067f17c5e56dbe8614db08237"}
}
