TN:
SF:src/App.jsx
FN:6,App
FN:7,(anonymous_1)
FN:13,(anonymous_2)
FN:20,(anonymous_3)
FN:20,(anonymous_4)
FNF:5
FNH:5
FNDA:2,App
FNDA:5,(anonymous_1)
FNDA:1,(anonymous_2)
FNDA:6,(anonymous_3)
FNDA:1,(anonymous_4)
DA:7,5
DA:9,2
DA:11,2
DA:13,2
DA:14,1
DA:17,2
DA:20,6
LF:7
LH:7
BRF:0
BRH:0
end_of_record
TN:
SF:src/cart.jsx
FN:5,Cart
FN:7,(anonymous_1)
FN:14,(anonymous_2)
FN:14,(anonymous_3)
FN:19,(anonymous_4)
FN:23,(anonymous_5)
FN:25,(anonymous_6)
FN:26,(anonymous_7)
FN:33,(anonymous_8)
FN:34,(anonymous_9)
FNF:10
FNH:10
FNDA:18,Cart
FNDA:35,(anonymous_1)
FNDA:14,(anonymous_2)
FNDA:14,(anonymous_3)
FNDA:14,(anonymous_4)
FNDA:1,(anonymous_5)
FNDA:1,(anonymous_6)
FNDA:1,(anonymous_7)
FNDA:1,(anonymous_8)
FNDA:1,(anonymous_9)
DA:6,18
DA:7,35
DA:8,18
DA:12,18
DA:14,18
DA:15,18
DA:20,14
DA:23,1
DA:25,1
DA:26,1
DA:33,1
DA:34,1
LF:12
LH:12
BRDA:17,0,0,18
BRDA:17,0,1,4
BRDA:35,1,0,18
BRDA:35,1,1,14
BRF:4
BRH:4
end_of_record
TN:
SF:src/reducers/cart.reducer.js
FN:30,(anonymous_0)
FN:32,(anonymous_1)
FN:48,(anonymous_2)
FN:52,(anonymous_3)
FN:60,(anonymous_4)
FN:62,(anonymous_5)
FN:67,(anonymous_6)
FN:69,(anonymous_7)
FN:73,(anonymous_8)
FN:75,(anonymous_9)
FN:81,(anonymous_10)
FNF:11
FNH:11
FNDA:9,(anonymous_0)
FNDA:8,(anonymous_1)
FNDA:6,(anonymous_2)
FNDA:4,(anonymous_3)
FNDA:1,(anonymous_4)
FNDA:1,(anonymous_5)
FNDA:1,(anonymous_6)
FNDA:1,(anonymous_7)
FNDA:1,(anonymous_8)
FNDA:1,(anonymous_9)
FNDA:1,(anonymous_10)
DA:3,2
DA:5,2
DA:11,2
DA:17,2
DA:24,2
DA:30,2
DA:31,9
DA:32,9
DA:33,8
DA:34,8
DA:36,9
DA:39,2
DA:50,6
DA:51,6
DA:52,6
DA:53,6
DA:54,4
DA:56,2
DA:58,6
DA:61,1
DA:62,1
DA:63,1
DA:65,1
DA:68,1
DA:69,1
DA:70,1
DA:71,1
DA:74,1
DA:75,1
DA:76,1
DA:77,1
DA:78,1
DA:82,1
DA:83,1
DA:88,2
LF:35
LH:35
BRDA:53,0,0,4
BRDA:53,0,1,2
BRDA:76,1,0,1
BRDA:76,1,1,0
BRF:4
BRH:3
end_of_record
