<?xml version="1.0" encoding="UTF-8"?>
<coverage generated="1746545470923" clover="3.2.0">
  <project timestamp="1746545470923" name="All files">
    <metrics statements="15" coveredstatements="13" conditionals="8" coveredconditionals="6" methods="7" coveredmethods="4" elements="30" coveredelements="23" complexity="0" loc="15" ncloc="15" packages="3" files="4" classes="4"/>
    <package name="src">
      <metrics statements="1" coveredstatements="1" conditionals="0" coveredconditionals="0" methods="0" coveredmethods="0"/>
      <file name="i18n.js" path="/Users/yuvaranei/Documents/coding/react_coding_challenges/abc-race/frontend/src/i18n.js">
        <metrics statements="1" coveredstatements="1" conditionals="0" coveredconditionals="0" methods="0" coveredmethods="0"/>
        <line num="7" count="2" type="stmt"/>
      </file>
    </package>
    <package name="src.components.TopRacer">
      <metrics statements="13" coveredstatements="11" conditionals="8" coveredconditionals="6" methods="7" coveredmethods="4"/>
      <file name="RacerCard.jsx" path="/Users/yuvaranei/Documents/coding/react_coding_challenges/abc-race/frontend/src/components/TopRacer/RacerCard.jsx">
        <metrics statements="3" coveredstatements="3" conditionals="2" coveredconditionals="2" methods="2" coveredmethods="2"/>
        <line num="5" count="5" type="stmt"/>
        <line num="6" count="5" type="stmt"/>
        <line num="13" count="1" type="stmt"/>
      </file>
      <file name="index.jsx" path="/Users/yuvaranei/Documents/coding/react_coding_challenges/abc-race/frontend/src/components/TopRacer/index.jsx">
        <metrics statements="10" coveredstatements="8" conditionals="6" coveredconditionals="4" methods="5" coveredmethods="2"/>
        <line num="8" count="7" type="stmt"/>
        <line num="9" count="7" type="stmt"/>
        <line num="10" count="7" type="stmt"/>
        <line num="12" count="7" type="stmt"/>
        <line num="13" count="0" type="stmt"/>
        <line num="14" count="0" type="cond" truecount="0" falsecount="2"/>
        <line num="18" count="7" type="cond" truecount="2" falsecount="0"/>
        <line num="19" count="4" type="cond" truecount="2" falsecount="0"/>
        <line num="21" count="2" type="stmt"/>
        <line num="26" count="4" type="stmt"/>
      </file>
    </package>
    <package name="src.graphql">
      <metrics statements="1" coveredstatements="1" conditionals="0" coveredconditionals="0" methods="0" coveredmethods="0"/>
      <file name="queries.js" path="/Users/yuvaranei/Documents/coding/react_coding_challenges/abc-race/frontend/src/graphql/queries.js">
        <metrics statements="1" coveredstatements="1" conditionals="0" coveredconditionals="0" methods="0" coveredmethods="0"/>
        <line num="3" count="1" type="stmt"/>
      </file>
    </package>
  </project>
</coverage>
