{"/Users/yuvaranei/Documents/coding/react_coding_challenges/abc-race/frontend/src/i18n.js": {"path":"/Users/yuvaranei/Documents/coding/react_coding_challenges/abc-race/frontend/src/i18n.js","statementMap":{"0":{"start":{"line":7,"column":0},"end":{"line":19,"column":5}}},"fnMap":{},"branchMap":{},"s":{"0":2},"f":{},"b":{},"_coverageSchema":"1a1c01bbd47fc00a2c39e90264f33305004495a9","hash":"b208937e96ea10d41b77919c368bc39da75be385"}
,"/Users/yuvaranei/Documents/coding/react_coding_challenges/abc-race/frontend/src/components/TopRacer/RacerCard.jsx": {"path":"/Users/yuvaranei/Documents/coding/react_coding_challenges/abc-race/frontend/src/components/TopRacer/RacerCard.jsx","statementMap":{"0":{"start":{"line":5,"column":16},"end":{"line":5,"column":32}},"1":{"start":{"line":6,"column":2},"end":{"line":20,"column":4}},"2":{"start":{"line":13,"column":25},"end":{"line":13,"column":49}}},"fnMap":{"0":{"name":"RacerCard","decl":{"start":{"line":4,"column":24},"end":{"line":4,"column":33}},"loc":{"start":{"line":4,"column":75},"end":{"line":21,"column":1}},"line":4},"1":{"name":"(anonymous_1)","decl":{"start":{"line":13,"column":19},"end":{"line":13,"column":20}},"loc":{"start":{"line":13,"column":25},"end":{"line":13,"column":49}},"line":13}},"branchMap":{"0":{"loc":{"start":{"line":16,"column":11},"end":{"line":16,"column":55}},"type":"cond-expr","locations":[{"start":{"line":16,"column":26},"end":{"line":16,"column":40}},{"start":{"line":16,"column":43},"end":{"line":16,"column":55}}],"line":16}},"s":{"0":5,"1":5,"2":1},"f":{"0":5,"1":1},"b":{"0":[1,4]},"_coverageSchema":"1a1c01bbd47fc00a2c39e90264f33305004495a9","hash":"719c339adfb9ffd3164b956e3b0bdca31b1bc631"}
,"/Users/yuvaranei/Documents/coding/react_coding_challenges/abc-race/frontend/src/components/TopRacer/index.jsx": {"path":"/Users/yuvaranei/Documents/coding/react_coding_challenges/abc-race/frontend/src/components/TopRacer/index.jsx","statementMap":{"0":{"start":{"line":8,"column":35},"end":{"line":8,"column":59}},"1":{"start":{"line":9,"column":44},"end":{"line":9,"column":56}},"2":{"start":{"line":10,"column":16},"end":{"line":10,"column":32}},"3":{"start":{"line":12,"column":25},"end":{"line":16,"column":3}},"4":{"start":{"line":13,"column":4},"end":{"line":15,"column":6}},"5":{"start":{"line":14,"column":6},"end":{"line":14,"column":70}},"6":{"start":{"line":14,"column":45},"end":{"line":14,"column":53}},"7":{"start":{"line":18,"column":2},"end":{"line":18,"column":40}},"8":{"start":{"line":18,"column":15},"end":{"line":18,"column":40}},"9":{"start":{"line":19,"column":2},"end":{"line":19,"column":48}},"10":{"start":{"line":19,"column":13},"end":{"line":19,"column":48}},"11":{"start":{"line":21,"column":2},"end":{"line":35,"column":4}},"12":{"start":{"line":26,"column":10},"end":{"line":31,"column":12}}},"fnMap":{"0":{"name":"RacerList","decl":{"start":{"line":7,"column":24},"end":{"line":7,"column":33}},"loc":{"start":{"line":7,"column":36},"end":{"line":36,"column":1}},"line":7},"1":{"name":"(anonymous_1)","decl":{"start":{"line":12,"column":25},"end":{"line":12,"column":26}},"loc":{"start":{"line":12,"column":33},"end":{"line":16,"column":3}},"line":12},"2":{"name":"(anonymous_2)","decl":{"start":{"line":13,"column":21},"end":{"line":13,"column":22}},"loc":{"start":{"line":14,"column":6},"end":{"line":14,"column":70}},"line":14},"3":{"name":"(anonymous_3)","decl":{"start":{"line":14,"column":38},"end":{"line":14,"column":39}},"loc":{"start":{"line":14,"column":45},"end":{"line":14,"column":53}},"line":14},"4":{"name":"(anonymous_4)","decl":{"start":{"line":25,"column":28},"end":{"line":25,"column":29}},"loc":{"start":{"line":26,"column":10},"end":{"line":31,"column":12}},"line":26}},"branchMap":{"0":{"loc":{"start":{"line":14,"column":6},"end":{"line":14,"column":70}},"type":"cond-expr","locations":[{"start":{"line":14,"column":26},"end":{"line":14,"column":54}},{"start":{"line":14,"column":57},"end":{"line":14,"column":70}}],"line":14},"1":{"loc":{"start":{"line":18,"column":2},"end":{"line":18,"column":40}},"type":"if","locations":[{"start":{"line":18,"column":2},"end":{"line":18,"column":40}},{"start":{},"end":{}}],"line":18},"2":{"loc":{"start":{"line":19,"column":2},"end":{"line":19,"column":48}},"type":"if","locations":[{"start":{"line":19,"column":2},"end":{"line":19,"column":48}},{"start":{},"end":{}}],"line":19}},"s":{"0":7,"1":7,"2":7,"3":7,"4":0,"5":0,"6":0,"7":7,"8":3,"9":4,"10":2,"11":2,"12":4},"f":{"0":7,"1":0,"2":0,"3":0,"4":4},"b":{"0":[0,0],"1":[3,4],"2":[2,2]},"_coverageSchema":"1a1c01bbd47fc00a2c39e90264f33305004495a9","hash":"b5e5440f35380da7913ca184681deb4de572a9c7"}
,"/Users/yuvaranei/Documents/coding/react_coding_challenges/abc-race/frontend/src/graphql/queries.js": {"path":"/Users/yuvaranei/Documents/coding/react_coding_challenges/abc-race/frontend/src/graphql/queries.js","statementMap":{"0":{"start":{"line":3,"column":30},"end":{"line":13,"column":1}}},"fnMap":{},"branchMap":{},"s":{"0":1},"f":{},"b":{},"_coverageSchema":"1a1c01bbd47fc00a2c39e90264f33305004495a9","hash":"3b78f98874e143647d1e8d8620673efc16a886dc"}
}
