TN:
SF:src/i18n.js
FNF:0
FNH:0
DA:7,2
LF:1
LH:1
BRF:0
BRH:0
end_of_record
TN:
SF:src/components/TopRacer/RacerCard.jsx
FN:4,RacerCard
FN:13,(anonymous_1)
FNF:2
FNH:2
FNDA:5,RacerCard
FNDA:1,(anonymous_1)
DA:5,5
DA:6,5
DA:13,1
LF:3
LH:3
BRDA:16,0,0,1
BRDA:16,0,1,4
BRF:2
BRH:2
end_of_record
TN:
SF:src/components/TopRacer/index.jsx
FN:7,RacerList
FN:12,(anonymous_1)
FN:13,(anonymous_2)
FN:14,(anonymous_3)
FN:25,(anonymous_4)
FNF:5
FNH:2
FNDA:7,RacerList
FNDA:0,(anonymous_1)
FNDA:0,(anonymous_2)
FNDA:0,(anonymous_3)
FNDA:4,(anonymous_4)
DA:8,7
DA:9,7
DA:10,7
DA:12,7
DA:13,0
DA:14,0
DA:18,7
DA:19,4
DA:21,2
DA:26,4
LF:10
LH:8
BRDA:14,0,0,0
BRDA:14,0,1,0
BRDA:18,1,0,3
BRDA:18,1,1,4
BRDA:19,2,0,2
BRDA:19,2,1,2
BRF:6
BRH:4
end_of_record
TN:
SF:src/graphql/queries.js
FNF:0
FNH:0
DA:3,1
LF:1
LH:1
BRF:0
BRH:0
end_of_record
