{"/Users/yuvaranei/Documents/coding/react_coding_challenges/new-test/Button.jsx": {"path":"/Users/yuvaranei/Documents/coding/react_coding_challenges/new-test/Button.jsx","statementMap":{"0":{"start":{"line":4,"column":4},"end":{"line":4,"column":37}}},"fnMap":{"0":{"name":"Button","decl":{"start":{"line":3,"column":24},"end":{"line":3,"column":30}},"loc":{"start":{"line":3,"column":40},"end":{"line":5,"column":1}},"line":3}},"branchMap":{},"s":{"0":1},"f":{"0":1},"b":{},"_coverageSchema":"1a1c01bbd47fc00a2c39e90264f33305004495a9","hash":"c54048070eaad64aa488899ea577e4ceb06f0650"}
}
